<?xml version="1.0" encoding="utf-8"?>
<coverage line-rate="0,906" branch-rate="0,889" version="1.9" timestamp="1562461734" lines-covered="492" lines-valid="543" branches-covered="176" branches-valid="198">
  <sources>
    <source></source>
  </sources>
  <packages>
    <package name="DeOlho.ETL" line-rate="0,779" branch-rate="0,639" complexity="97">
      <classes>
        <class name="DeOlho.ETL.EnumerableExtensions" filename="C:\Allison\Projetos\DeOlho\DeOlho.ETL\src\ETL\EnumerableStepExtensions.cs" line-rate="0,667" branch-rate="1" complexity="3">
          <methods>
            <method name="Extract" signature="(System.Collections.Generic.IEnumerable`1&lt;DeOlho.ETL.StepValue`1&lt;TIn&gt;&gt;,System.Func`2&lt;DeOlho.ETL.StepValue`1&lt;TIn&gt;,DeOlho.ETL.ISource`1&lt;TOut&gt;&gt;)" line-rate="0" branch-rate="1">
              <lines>
                <line number="11" hits="0" branch="False" />
                <line number="12" hits="0" branch="False" />
                <line number="13" hits="0" branch="False" />
              </lines>
            </method>
            <method name="Transform" signature="(System.Collections.Generic.IEnumerable`1&lt;DeOlho.ETL.StepValue`1&lt;TIn&gt;&gt;,System.Func`2&lt;DeOlho.ETL.StepValue`1&lt;TIn&gt;,TOut&gt;)" line-rate="1" branch-rate="1">
              <lines>
                <line number="15" hits="1" branch="False" />
                <line number="16" hits="3" branch="False" />
                <line number="17" hits="1" branch="False" />
              </lines>
            </method>
            <method name="TransformToList" signature="(System.Collections.Generic.IEnumerable`1&lt;DeOlho.ETL.StepValue`1&lt;TIn&gt;&gt;,System.Func`2&lt;DeOlho.ETL.StepValue`1&lt;TIn&gt;,System.Collections.Generic.IEnumerable`1&lt;TOut&gt;&gt;)" line-rate="1" branch-rate="1">
              <lines>
                <line number="20" hits="1" branch="False" />
                <line number="21" hits="7" branch="False" />
                <line number="22" hits="1" branch="False" />
              </lines>
            </method>
          </methods>
          <lines>
            <line number="11" hits="0" branch="False" />
            <line number="12" hits="0" branch="False" />
            <line number="13" hits="0" branch="False" />
            <line number="15" hits="1" branch="False" />
            <line number="16" hits="3" branch="False" />
            <line number="17" hits="1" branch="False" />
            <line number="20" hits="1" branch="False" />
            <line number="21" hits="7" branch="False" />
            <line number="22" hits="1" branch="False" />
          </lines>
        </class>
        <class name="DeOlho.ETL.EnumerableExtensions/&lt;Load&gt;d__3`1" filename="C:\Allison\Projetos\DeOlho\DeOlho.ETL\src\ETL\EnumerableStepExtensions.cs" line-rate="1" branch-rate="1" complexity="2">
          <methods>
            <method name="MoveNext" signature="()" line-rate="1" branch-rate="1">
              <lines>
                <line number="25" hits="1" branch="True" condition-coverage="100% (1/1)">
                  <conditions>
                    <condition number="8" type="jump" coverage="100%" />
                  </conditions>
                </line>
                <line number="26" hits="1" branch="True" condition-coverage="100% (1/1)">
                  <conditions>
                    <condition number="50" type="jump" coverage="100%" />
                  </conditions>
                </line>
                <line number="27" hits="1" branch="False" />
              </lines>
            </method>
          </methods>
          <lines>
            <line number="25" hits="1" branch="True" condition-coverage="100% (1/1)">
              <conditions>
                <condition number="8" type="jump" coverage="100%" />
              </conditions>
            </line>
            <line number="26" hits="1" branch="True" condition-coverage="100% (1/1)">
              <conditions>
                <condition number="50" type="jump" coverage="100%" />
              </conditions>
            </line>
            <line number="27" hits="1" branch="False" />
          </lines>
        </class>
        <class name="DeOlho.ETL.EnumerableExtensions/&lt;Execute&gt;d__4`1" filename="C:\Allison\Projetos\DeOlho\DeOlho.ETL\src\ETL\EnumerableStepExtensions.cs" line-rate="1" branch-rate="1" complexity="2">
          <methods>
            <method name="MoveNext" signature="()" line-rate="1" branch-rate="1">
              <lines>
                <line number="30" hits="6" branch="True" condition-coverage="100% (1/1)">
                  <conditions>
                    <condition number="8" type="jump" coverage="100%" />
                  </conditions>
                </line>
                <line number="31" hits="6" branch="True" condition-coverage="100% (1/1)">
                  <conditions>
                    <condition number="33" type="jump" coverage="100%" />
                  </conditions>
                </line>
                <line number="32" hits="6" branch="False" />
                <line number="33" hits="6" branch="False" />
              </lines>
            </method>
          </methods>
          <lines>
            <line number="30" hits="6" branch="True" condition-coverage="100% (1/1)">
              <conditions>
                <condition number="8" type="jump" coverage="100%" />
              </conditions>
            </line>
            <line number="31" hits="6" branch="True" condition-coverage="100% (1/1)">
              <conditions>
                <condition number="33" type="jump" coverage="100%" />
              </conditions>
            </line>
            <line number="32" hits="6" branch="False" />
            <line number="33" hits="6" branch="False" />
          </lines>
        </class>
        <class name="DeOlho.ETL.Process" filename="C:\Allison\Projetos\DeOlho\DeOlho.ETL\src\ETL\Process.cs" line-rate="0" branch-rate="1" complexity="2">
          <methods>
            <method name="Extract" signature="(System.Func`1&lt;DeOlho.ETL.ISource`1&lt;T&gt;&gt;)" line-rate="0" branch-rate="1">
              <lines>
                <line number="10" hits="0" branch="False" />
                <line number="11" hits="0" branch="False" />
                <line number="12" hits="0" branch="False" />
              </lines>
            </method>
            <method name="Extract" signature="(System.Func`1&lt;System.Threading.Tasks.Task`1&lt;T&gt;&gt;)" line-rate="0" branch-rate="1">
              <lines>
                <line number="15" hits="0" branch="False" />
                <line number="16" hits="0" branch="False" />
                <line number="17" hits="0" branch="False" />
              </lines>
            </method>
          </methods>
          <lines>
            <line number="10" hits="0" branch="False" />
            <line number="11" hits="0" branch="False" />
            <line number="12" hits="0" branch="False" />
            <line number="15" hits="0" branch="False" />
            <line number="16" hits="0" branch="False" />
            <line number="17" hits="0" branch="False" />
          </lines>
        </class>
        <class name="DeOlho.ETL.Process/&lt;&gt;c__DisplayClass0_0`1/&lt;&lt;Extract&gt;b__0&gt;d" filename="C:\Allison\Projetos\DeOlho\DeOlho.ETL\src\ETL\Process.cs" line-rate="1" branch-rate="0" complexity="4">
          <methods />
          <lines />
        </class>
        <class name="DeOlho.ETL.Process/&lt;&gt;c__DisplayClass1_0`1/&lt;&lt;Extract&gt;b__0&gt;d" filename="C:\Allison\Projetos\DeOlho\DeOlho.ETL\src\ETL\Process.cs" line-rate="1" branch-rate="0" complexity="4">
          <methods />
          <lines />
        </class>
        <class name="DeOlho.ETL.Step`1" filename="C:\Allison\Projetos\DeOlho\DeOlho.ETL\src\ETL\Step.cs" line-rate="1" branch-rate="1" complexity="4">
          <methods>
            <method name="Transform" signature="(System.Func`2&lt;DeOlho.ETL.StepValue`1&lt;T&gt;,TOut&gt;)" line-rate="1" branch-rate="1">
              <lines>
                <line number="12" hits="1" branch="False" />
                <line number="13" hits="1" branch="False" />
                <line number="14" hits="2" branch="False" />
                <line number="15" hits="3" branch="False" />
                <line number="16" hits="2" branch="False" />
                <line number="17" hits="1" branch="False" />
              </lines>
            </method>
            <method name="TransformAsync" signature="(System.Func`2&lt;DeOlho.ETL.StepValue`1&lt;T&gt;,System.Threading.Tasks.Task`1&lt;TOut&gt;&gt;)" line-rate="1" branch-rate="1">
              <lines>
                <line number="20" hits="1" branch="False" />
                <line number="21" hits="1" branch="False" />
                <line number="22" hits="1" branch="False" />
              </lines>
            </method>
            <method name="TransformToList" signature="(System.Func`2&lt;DeOlho.ETL.StepValue`1&lt;T&gt;,System.Collections.Generic.IEnumerable`1&lt;TOut&gt;&gt;)" line-rate="1" branch-rate="1">
              <lines>
                <line number="27" hits="1" branch="False" />
                <line number="28" hits="1" branch="False" />
                <line number="29" hits="1" branch="False" />
              </lines>
            </method>
            <method name="Extract" signature="(System.Func`2&lt;DeOlho.ETL.StepValue`1&lt;T&gt;,DeOlho.ETL.ISource`1&lt;TOut&gt;&gt;)" line-rate="1" branch-rate="1">
              <lines>
                <line number="32" hits="1" branch="False" />
                <line number="33" hits="2" branch="False" />
                <line number="34" hits="1" branch="False" />
              </lines>
            </method>
          </methods>
          <lines>
            <line number="12" hits="1" branch="False" />
            <line number="13" hits="1" branch="False" />
            <line number="14" hits="2" branch="False" />
            <line number="15" hits="3" branch="False" />
            <line number="16" hits="2" branch="False" />
            <line number="17" hits="1" branch="False" />
            <line number="20" hits="1" branch="False" />
            <line number="21" hits="1" branch="False" />
            <line number="22" hits="1" branch="False" />
            <line number="27" hits="1" branch="False" />
            <line number="28" hits="1" branch="False" />
            <line number="29" hits="1" branch="False" />
            <line number="32" hits="1" branch="False" />
            <line number="33" hits="2" branch="False" />
            <line number="34" hits="1" branch="False" />
          </lines>
        </class>
        <class name="DeOlho.ETL.Step`1/&lt;Load&gt;d__4" filename="C:\Allison\Projetos\DeOlho\DeOlho.ETL\src\ETL\Step.cs" line-rate="1" branch-rate="1" complexity="1">
          <methods>
            <method name="MoveNext" signature="()" line-rate="1" branch-rate="1">
              <lines>
                <line number="37" hits="1" branch="False" />
                <line number="38" hits="1" branch="True" condition-coverage="100% (1/1)">
                  <conditions>
                    <condition number="50" type="jump" coverage="100%" />
                  </conditions>
                </line>
                <line number="39" hits="1" branch="False" />
              </lines>
            </method>
          </methods>
          <lines>
            <line number="37" hits="1" branch="False" />
            <line number="38" hits="1" branch="True" condition-coverage="100% (1/1)">
              <conditions>
                <condition number="50" type="jump" coverage="100%" />
              </conditions>
            </line>
            <line number="39" hits="1" branch="False" />
          </lines>
        </class>
        <class name="DeOlho.ETL.Step`1/&lt;&gt;c" filename="C:\Allison\Projetos\DeOlho\DeOlho.ETL\src\ETL\Step.cs" line-rate="0" branch-rate="1" complexity="1">
          <methods>
            <method name="&lt;Load&gt;b__5_0" signature="()" line-rate="0" branch-rate="1">
              <lines>
                <line number="42" hits="0" branch="False" />
              </lines>
            </method>
          </methods>
          <lines>
            <line number="42" hits="0" branch="False" />
          </lines>
        </class>
        <class name="DeOlho.ETL.Step`1/&lt;Load&gt;d__5" filename="C:\Allison\Projetos\DeOlho\DeOlho.ETL\src\ETL\Step.cs" line-rate="0" branch-rate="0" complexity="4">
          <methods>
            <method name="MoveNext" signature="()" line-rate="0" branch-rate="0">
              <lines>
                <line number="41" hits="0" branch="False" />
                <line number="43" hits="0" branch="False" />
              </lines>
            </method>
          </methods>
          <lines>
            <line number="41" hits="0" branch="False" />
            <line number="43" hits="0" branch="False" />
          </lines>
        </class>
        <class name="DeOlho.ETL.Step`1/&lt;&gt;c__DisplayClass0_0`1/&lt;&lt;Transform&gt;b__0&gt;d" filename="C:\Allison\Projetos\DeOlho\DeOlho.ETL\src\ETL\Step.cs" line-rate="1" branch-rate="1" complexity="4">
          <methods />
          <lines />
        </class>
        <class name="DeOlho.ETL.Step`1/&lt;&gt;c__DisplayClass3_0`1/&lt;&lt;Extract&gt;b__0&gt;d" filename="C:\Allison\Projetos\DeOlho\DeOlho.ETL\src\ETL\Step.cs" line-rate="1" branch-rate="1" complexity="2">
          <methods />
          <lines />
        </class>
        <class name="DeOlho.ETL.StepSource`1" filename="C:\Allison\Projetos\DeOlho\DeOlho.ETL\src\ETL\StepSource.cs" line-rate="0" branch-rate="1" complexity="1">
          <methods>
            <method name=".ctor" signature="(System.Func`1&lt;System.Threading.Tasks.Task`1&lt;TOut&gt;&gt;)" line-rate="0" branch-rate="1">
              <lines>
                <line number="13" hits="0" branch="False" />
                <line number="14" hits="0" branch="False" />
                <line number="15" hits="0" branch="False" />
                <line number="16" hits="0" branch="False" />
              </lines>
            </method>
          </methods>
          <lines>
            <line number="13" hits="0" branch="False" />
            <line number="14" hits="0" branch="False" />
            <line number="15" hits="0" branch="False" />
            <line number="16" hits="0" branch="False" />
          </lines>
        </class>
        <class name="DeOlho.ETL.StepSource`1/&lt;Execute&gt;d__2" filename="C:\Allison\Projetos\DeOlho\DeOlho.ETL\src\ETL\StepSource.cs" line-rate="0" branch-rate="0" complexity="2">
          <methods>
            <method name="MoveNext" signature="()" line-rate="0" branch-rate="0">
              <lines>
                <line number="19" hits="0" branch="False" />
                <line number="20" hits="0" branch="True" condition-coverage="0% (0/2)">
                  <conditions>
                    <condition number="44" type="jump" coverage="0%" />
                  </conditions>
                </line>
                <line number="21" hits="0" branch="False" />
                <line number="22" hits="0" branch="False" />
              </lines>
            </method>
          </methods>
          <lines>
            <line number="19" hits="0" branch="False" />
            <line number="20" hits="0" branch="True" condition-coverage="0% (0/2)">
              <conditions>
                <condition number="44" type="jump" coverage="0%" />
              </conditions>
            </line>
            <line number="21" hits="0" branch="False" />
            <line number="22" hits="0" branch="False" />
          </lines>
        </class>
        <class name="DeOlho.ETL.StepToCollectionTransform`2" filename="C:\Allison\Projetos\DeOlho\DeOlho.ETL\src\ETL\StepToCollectionTransform.cs" line-rate="0,7" branch-rate="1" complexity="3">
          <methods>
            <method name="GetEnumerator" signature="()" line-rate="1" branch-rate="1">
              <lines>
                <line number="23" hits="1" branch="False" />
                <line number="24" hits="1" branch="False" />
                <line number="25" hits="1" branch="False" />
              </lines>
            </method>
            <method name="System.Collections.IEnumerable.GetEnumerator" signature="()" line-rate="0" branch-rate="1">
              <lines>
                <line number="28" hits="0" branch="False" />
                <line number="29" hits="0" branch="False" />
                <line number="30" hits="0" branch="False" />
              </lines>
            </method>
            <method name=".ctor" signature="(DeOlho.ETL.Step`1&lt;TIn&gt;,System.Func`2&lt;DeOlho.ETL.StepValue`1&lt;TIn&gt;,System.Collections.Generic.IEnumerable`1&lt;TOut&gt;&gt;)" line-rate="1" branch-rate="1">
              <lines>
                <line number="15" hits="1" branch="False" />
                <line number="16" hits="1" branch="False" />
                <line number="18" hits="1" branch="False" />
                <line number="19" hits="1" branch="False" />
              </lines>
            </method>
          </methods>
          <lines>
            <line number="23" hits="1" branch="False" />
            <line number="24" hits="1" branch="False" />
            <line number="25" hits="1" branch="False" />
            <line number="28" hits="0" branch="False" />
            <line number="29" hits="0" branch="False" />
            <line number="30" hits="0" branch="False" />
            <line number="15" hits="1" branch="False" />
            <line number="16" hits="1" branch="False" />
            <line number="18" hits="1" branch="False" />
            <line number="19" hits="1" branch="False" />
          </lines>
        </class>
        <class name="DeOlho.ETL.StepToCollectionTransform`2/StepEnumerator" filename="C:\Allison\Projetos\DeOlho\DeOlho.ETL\src\ETL\StepToCollectionTransform.cs" line-rate="0,655" branch-rate="0,5" complexity="8">
          <methods>
            <method name="get_Current" signature="()" line-rate="1" branch-rate="1">
              <lines>
                <line number="51" hits="2" branch="False" />
                <line number="52" hits="2" branch="False" />
                <line number="53" hits="2" branch="False" />
              </lines>
            </method>
            <method name="System.Collections.IEnumerator.get_Current" signature="()" line-rate="0" branch-rate="1">
              <lines>
                <line number="56" hits="0" branch="False" />
              </lines>
            </method>
            <method name="Dispose" signature="()" line-rate="1" branch-rate="1">
              <lines>
                <line number="59" hits="1" branch="False" />
                <line number="61" hits="1" branch="False" />
              </lines>
            </method>
            <method name="MoveNext" signature="()" line-rate="1" branch-rate="1">
              <lines>
                <line number="66" hits="3" branch="False" />
                <line number="67" hits="3" branch="True" condition-coverage="100% (2/2)">
                  <conditions>
                    <condition number="12" type="jump" coverage="100%" />
                  </conditions>
                </line>
                <line number="68" hits="1" branch="False" />
                <line number="69" hits="1" branch="False" />
                <line number="70" hits="1" branch="False" />
                <line number="71" hits="1" branch="False" />
                <line number="72" hits="1" branch="False" />
                <line number="74" hits="3" branch="False" />
                <line number="75" hits="3" branch="False" />
              </lines>
            </method>
            <method name="Reset" signature="()" line-rate="0" branch-rate="0">
              <lines>
                <line number="78" hits="0" branch="False" />
                <line number="79" hits="0" branch="True" condition-coverage="0% (0/2)">
                  <conditions>
                    <condition number="12" type="jump" coverage="0%" />
                  </conditions>
                </line>
                <line number="80" hits="0" branch="False" />
                <line number="81" hits="0" branch="False" />
                <line number="82" hits="0" branch="False" />
                <line number="83" hits="0" branch="False" />
                <line number="84" hits="0" branch="False" />
                <line number="85" hits="0" branch="False" />
                <line number="86" hits="0" branch="False" />
              </lines>
            </method>
            <method name=".ctor" signature="(DeOlho.ETL.Step`1&lt;TIn&gt;,System.Func`2&lt;DeOlho.ETL.StepValue`1&lt;TIn&gt;,System.Collections.Generic.IEnumerable`1&lt;TOut&gt;&gt;)" line-rate="1" branch-rate="1">
              <lines>
                <line number="42" hits="1" branch="False" />
                <line number="43" hits="1" branch="False" />
                <line number="44" hits="1" branch="False" />
                <line number="45" hits="1" branch="False" />
                <line number="46" hits="1" branch="False" />
              </lines>
            </method>
          </methods>
          <lines>
            <line number="51" hits="2" branch="False" />
            <line number="52" hits="2" branch="False" />
            <line number="53" hits="2" branch="False" />
            <line number="56" hits="0" branch="False" />
            <line number="59" hits="1" branch="False" />
            <line number="61" hits="1" branch="False" />
            <line number="66" hits="3" branch="False" />
            <line number="67" hits="3" branch="True" condition-coverage="100% (2/2)">
              <conditions>
                <condition number="12" type="jump" coverage="100%" />
              </conditions>
            </line>
            <line number="68" hits="1" branch="False" />
            <line number="69" hits="1" branch="False" />
            <line number="70" hits="1" branch="False" />
            <line number="71" hits="1" branch="False" />
            <line number="72" hits="1" branch="False" />
            <line number="74" hits="3" branch="False" />
            <line number="75" hits="3" branch="False" />
            <line number="78" hits="0" branch="False" />
            <line number="79" hits="0" branch="True" condition-coverage="0% (0/2)">
              <conditions>
                <condition number="12" type="jump" coverage="0%" />
              </conditions>
            </line>
            <line number="80" hits="0" branch="False" />
            <line number="81" hits="0" branch="False" />
            <line number="82" hits="0" branch="False" />
            <line number="83" hits="0" branch="False" />
            <line number="84" hits="0" branch="False" />
            <line number="85" hits="0" branch="False" />
            <line number="86" hits="0" branch="False" />
            <line number="42" hits="1" branch="False" />
            <line number="43" hits="1" branch="False" />
            <line number="44" hits="1" branch="False" />
            <line number="45" hits="1" branch="False" />
            <line number="46" hits="1" branch="False" />
          </lines>
        </class>
        <class name="DeOlho.ETL.StepTransform`2" filename="C:\Allison\Projetos\DeOlho\DeOlho.ETL\src\ETL\StepTransform.cs" line-rate="1" branch-rate="1" complexity="1">
          <methods>
            <method name=".ctor" signature="(DeOlho.ETL.IStep`1&lt;TIn&gt;,System.Func`2&lt;DeOlho.ETL.StepValue`1&lt;TIn&gt;,System.Threading.Tasks.Task`1&lt;TOut&gt;&gt;)" line-rate="1" branch-rate="1">
              <lines>
                <line number="14" hits="7" branch="False" />
                <line number="15" hits="7" branch="False" />
                <line number="16" hits="7" branch="False" />
                <line number="17" hits="7" branch="False" />
                <line number="18" hits="7" branch="False" />
              </lines>
            </method>
          </methods>
          <lines>
            <line number="14" hits="7" branch="False" />
            <line number="15" hits="7" branch="False" />
            <line number="16" hits="7" branch="False" />
            <line number="17" hits="7" branch="False" />
            <line number="18" hits="7" branch="False" />
          </lines>
        </class>
        <class name="DeOlho.ETL.StepTransform`2/&lt;Execute&gt;d__3" filename="C:\Allison\Projetos\DeOlho\DeOlho.ETL\src\ETL\StepTransform.cs" line-rate="1" branch-rate="1" complexity="5">
          <methods>
            <method name="MoveNext" signature="()" line-rate="1" branch-rate="1">
              <lines>
                <line number="21" hits="4" branch="True" condition-coverage="100% (2/2)">
                  <conditions>
                    <condition number="14" type="jump" coverage="100%" />
                  </conditions>
                </line>
                <line number="22" hits="4" branch="True" condition-coverage="100% (1/1)">
                  <conditions>
                    <condition number="55" type="jump" coverage="100%" />
                  </conditions>
                </line>
                <line number="23" hits="4" branch="True" condition-coverage="100% (2/2)">
                  <conditions>
                    <condition number="192" type="jump" coverage="100%" />
                  </conditions>
                </line>
                <line number="24" hits="4" branch="False" />
                <line number="25" hits="4" branch="False" />
              </lines>
            </method>
          </methods>
          <lines>
            <line number="21" hits="4" branch="True" condition-coverage="100% (2/2)">
              <conditions>
                <condition number="14" type="jump" coverage="100%" />
              </conditions>
            </line>
            <line number="22" hits="4" branch="True" condition-coverage="100% (1/1)">
              <conditions>
                <condition number="55" type="jump" coverage="100%" />
              </conditions>
            </line>
            <line number="23" hits="4" branch="True" condition-coverage="100% (2/2)">
              <conditions>
                <condition number="192" type="jump" coverage="100%" />
              </conditions>
            </line>
            <line number="24" hits="4" branch="False" />
            <line number="25" hits="4" branch="False" />
          </lines>
        </class>
        <class name="DeOlho.ETL.StepValue`1" filename="C:\Allison\Projetos\DeOlho\DeOlho.ETL\src\ETL\StepValue.cs" line-rate="0,417" branch-rate="0" complexity="10">
          <methods>
            <method name="get_Value" signature="()" line-rate="1" branch-rate="1">
              <lines>
                <line number="16" hits="75" branch="False" />
              </lines>
            </method>
            <method name="get_Parent" signature="()" line-rate="1" branch-rate="1">
              <lines>
                <line number="17" hits="41" branch="False" />
              </lines>
            </method>
            <method name="get_TypeValue" signature="()" line-rate="1" branch-rate="1">
              <lines>
                <line number="18" hits="36" branch="False" />
              </lines>
            </method>
            <method name="DeOlho.ETL.IStepValue.get_Value" signature="()" line-rate="1" branch-rate="1">
              <lines>
                <line number="19" hits="6" branch="False" />
              </lines>
            </method>
            <method name="GetParent" signature="()" line-rate="0" branch-rate="0">
              <lines>
                <line number="22" hits="0" branch="False" />
                <line number="23" hits="0" branch="False" />
                <line number="24" hits="0" branch="True" condition-coverage="0% (0/2)">
                  <conditions>
                    <condition number="58" type="jump" coverage="0%" />
                  </conditions>
                </line>
                <line number="25" hits="0" branch="False" />
                <line number="26" hits="0" branch="True" condition-coverage="0% (0/2)">
                  <conditions>
                    <condition number="22" type="jump" coverage="0%" />
                  </conditions>
                </line>
                <line number="27" hits="0" branch="False" />
                <line number="28" hits="0" branch="False" />
                <line number="30" hits="0" branch="False" />
                <line number="31" hits="0" branch="False" />
                <line number="32" hits="0" branch="False" />
                <line number="33" hits="0" branch="False" />
              </lines>
            </method>
            <method name="DeOlho.ETL.IStepValue.GetParent" signature="()" line-rate="0" branch-rate="1">
              <lines>
                <line number="36" hits="0" branch="False" />
                <line number="37" hits="0" branch="False" />
                <line number="38" hits="0" branch="False" />
              </lines>
            </method>
            <method name=".ctor" signature="(TValue,DeOlho.ETL.IStepValue)" line-rate="1" branch-rate="1">
              <lines>
                <line number="8" hits="34" branch="False" />
                <line number="9" hits="34" branch="False" />
                <line number="10" hits="34" branch="False" />
                <line number="11" hits="34" branch="False" />
                <line number="12" hits="34" branch="False" />
                <line number="13" hits="34" branch="False" />
              </lines>
            </method>
          </methods>
          <lines>
            <line number="16" hits="75" branch="False" />
            <line number="17" hits="41" branch="False" />
            <line number="18" hits="36" branch="False" />
            <line number="19" hits="6" branch="False" />
            <line number="22" hits="0" branch="False" />
            <line number="23" hits="0" branch="False" />
            <line number="24" hits="0" branch="True" condition-coverage="0% (0/2)">
              <conditions>
                <condition number="58" type="jump" coverage="0%" />
              </conditions>
            </line>
            <line number="25" hits="0" branch="False" />
            <line number="26" hits="0" branch="True" condition-coverage="0% (0/2)">
              <conditions>
                <condition number="22" type="jump" coverage="0%" />
              </conditions>
            </line>
            <line number="27" hits="0" branch="False" />
            <line number="28" hits="0" branch="False" />
            <line number="30" hits="0" branch="False" />
            <line number="31" hits="0" branch="False" />
            <line number="32" hits="0" branch="False" />
            <line number="33" hits="0" branch="False" />
            <line number="36" hits="0" branch="False" />
            <line number="37" hits="0" branch="False" />
            <line number="38" hits="0" branch="False" />
            <line number="8" hits="34" branch="False" />
            <line number="9" hits="34" branch="False" />
            <line number="10" hits="34" branch="False" />
            <line number="11" hits="34" branch="False" />
            <line number="12" hits="34" branch="False" />
            <line number="13" hits="34" branch="False" />
          </lines>
        </class>
        <class name="DeOlho.ETL.Transforms.CsvToDynamicTransform" filename="C:\Allison\Projetos\DeOlho\DeOlho.ETL\src\ETL\Transforms\CsvToDynamicTransform.cs" line-rate="1" branch-rate="1" complexity="1">
          <methods>
            <method name=".ctor" signature="(DeOlho.ETL.IStep`1&lt;System.IO.Stream&gt;,System.String)" line-rate="1" branch-rate="1">
              <lines>
                <line number="19" hits="1" branch="False" />
                <line number="20" hits="1" branch="False" />
                <line number="21" hits="1" branch="False" />
                <line number="22" hits="1" branch="False" />
              </lines>
            </method>
          </methods>
          <lines>
            <line number="19" hits="1" branch="False" />
            <line number="20" hits="1" branch="False" />
            <line number="21" hits="1" branch="False" />
            <line number="22" hits="1" branch="False" />
          </lines>
        </class>
        <class name="DeOlho.ETL.Transforms.CsvToDynamicTransform/&lt;Execute&gt;d__2" filename="C:\Allison\Projetos\DeOlho\DeOlho.ETL\src\ETL\Transforms\CsvToDynamicTransform.cs" line-rate="1" branch-rate="1" complexity="1">
          <methods>
            <method name="MoveNext" signature="()" line-rate="1" branch-rate="1">
              <lines>
                <line number="25" hits="1" branch="False" />
                <line number="26" hits="1" branch="True" condition-coverage="100% (1/1)">
                  <conditions>
                    <condition number="44" type="jump" coverage="100%" />
                  </conditions>
                </line>
                <line number="27" hits="1" branch="False" />
                <line number="28" hits="1" branch="False" />
              </lines>
            </method>
          </methods>
          <lines>
            <line number="25" hits="1" branch="False" />
            <line number="26" hits="1" branch="True" condition-coverage="100% (1/1)">
              <conditions>
                <condition number="44" type="jump" coverage="100%" />
              </conditions>
            </line>
            <line number="27" hits="1" branch="False" />
            <line number="28" hits="1" branch="False" />
          </lines>
        </class>
        <class name="DeOlho.ETL.Transforms.CsvToDynamicTransformExtensions" filename="C:\Allison\Projetos\DeOlho\DeOlho.ETL\src\ETL\Transforms\CsvToDynamicTransform.cs" line-rate="1" branch-rate="1" complexity="4">
          <methods>
            <method name="TransformCsvToDynamic" signature="(DeOlho.ETL.IStep`1&lt;System.IO.Stream&gt;,System.String)" line-rate="1" branch-rate="1">
              <lines>
                <line number="36" hits="1" branch="False" />
                <line number="37" hits="1" branch="False" />
                <line number="38" hits="1" branch="False" />
              </lines>
            </method>
            <method name="TransformCsvToDynamic" signature="(System.Collections.Generic.IEnumerable`1&lt;DeOlho.ETL.StepValue`1&lt;System.IO.Stream&gt;&gt;,System.String)" line-rate="1" branch-rate="1">
              <lines>
                <line number="41" hits="1" branch="False" />
                <line number="42" hits="2" branch="False" />
                <line number="43" hits="1" branch="False" />
              </lines>
            </method>
            <method name="CsvToDynamic" signature="(DeOlho.ETL.StepValue`1&lt;System.IO.Stream&gt;,System.String)" line-rate="1" branch-rate="1">
              <lines>
                <line number="46" hits="2" branch="False" />
                <line number="47" hits="2" branch="False" />
                <line number="48" hits="2" branch="False" />
                <line number="49" hits="2" branch="True" condition-coverage="100% (2/2)">
                  <conditions>
                    <condition number="45" type="jump" coverage="100%" />
                  </conditions>
                </line>
                <line number="50" hits="2" branch="False" />
                <line number="51" hits="2" branch="False" />
                <line number="52" hits="2" branch="False" />
                <line number="53" hits="2" branch="False" />
                <line number="54" hits="2" branch="False" />
                <line number="55" hits="2" branch="False" />
                <line number="56" hits="2" branch="False" />
                <line number="57" hits="2" branch="False" />
                <line number="58" hits="2" branch="False" />
                <line number="61" hits="2" branch="False" />
              </lines>
            </method>
          </methods>
          <lines>
            <line number="36" hits="1" branch="False" />
            <line number="37" hits="1" branch="False" />
            <line number="38" hits="1" branch="False" />
            <line number="41" hits="1" branch="False" />
            <line number="42" hits="2" branch="False" />
            <line number="43" hits="1" branch="False" />
            <line number="46" hits="2" branch="False" />
            <line number="47" hits="2" branch="False" />
            <line number="48" hits="2" branch="False" />
            <line number="49" hits="2" branch="True" condition-coverage="100% (2/2)">
              <conditions>
                <condition number="45" type="jump" coverage="100%" />
              </conditions>
            </line>
            <line number="50" hits="2" branch="False" />
            <line number="51" hits="2" branch="False" />
            <line number="52" hits="2" branch="False" />
            <line number="53" hits="2" branch="False" />
            <line number="54" hits="2" branch="False" />
            <line number="55" hits="2" branch="False" />
            <line number="56" hits="2" branch="False" />
            <line number="57" hits="2" branch="False" />
            <line number="58" hits="2" branch="False" />
            <line number="61" hits="2" branch="False" />
          </lines>
        </class>
        <class name="DeOlho.ETL.Transforms.DescompressStreamTransform" filename="C:\Allison\Projetos\DeOlho\DeOlho.ETL\src\ETL\Transforms\DescompressStreamTransform.cs" line-rate="1" branch-rate="1" complexity="1">
          <methods>
            <method name=".ctor" signature="(DeOlho.ETL.IStep`1&lt;System.IO.Stream&gt;)" line-rate="1" branch-rate="1">
              <lines>
                <line number="17" hits="1" branch="False" />
                <line number="18" hits="1" branch="False" />
                <line number="19" hits="1" branch="False" />
              </lines>
            </method>
          </methods>
          <lines>
            <line number="17" hits="1" branch="False" />
            <line number="18" hits="1" branch="False" />
            <line number="19" hits="1" branch="False" />
          </lines>
        </class>
        <class name="DeOlho.ETL.Transforms.DescompressStreamTransform/&lt;Execute&gt;d__1" filename="C:\Allison\Projetos\DeOlho\DeOlho.ETL\src\ETL\Transforms\DescompressStreamTransform.cs" line-rate="1" branch-rate="1" complexity="1">
          <methods>
            <method name="MoveNext" signature="()" line-rate="1" branch-rate="1">
              <lines>
                <line number="22" hits="1" branch="False" />
                <line number="23" hits="1" branch="True" condition-coverage="100% (1/1)">
                  <conditions>
                    <condition number="44" type="jump" coverage="100%" />
                  </conditions>
                </line>
                <line number="24" hits="1" branch="False" />
                <line number="25" hits="1" branch="False" />
              </lines>
            </method>
          </methods>
          <lines>
            <line number="22" hits="1" branch="False" />
            <line number="23" hits="1" branch="True" condition-coverage="100% (1/1)">
              <conditions>
                <condition number="44" type="jump" coverage="100%" />
              </conditions>
            </line>
            <line number="24" hits="1" branch="False" />
            <line number="25" hits="1" branch="False" />
          </lines>
        </class>
        <class name="DeOlho.ETL.Transforms.DescompressStreamTransformExtensions" filename="C:\Allison\Projetos\DeOlho\DeOlho.ETL\src\ETL\Transforms\DescompressStreamTransform.cs" line-rate="1" branch-rate="1" complexity="5">
          <methods>
            <method name="TransformDescompressStream" signature="(DeOlho.ETL.IStep`1&lt;System.IO.Stream&gt;)" line-rate="1" branch-rate="1">
              <lines>
                <line number="32" hits="1" branch="False" />
                <line number="33" hits="1" branch="False" />
                <line number="34" hits="1" branch="False" />
              </lines>
            </method>
            <method name="TransformDescompressStream" signature="(System.Collections.Generic.IEnumerable`1&lt;DeOlho.ETL.StepValue`1&lt;System.IO.Stream&gt;&gt;)" line-rate="1" branch-rate="1">
              <lines>
                <line number="37" hits="1" branch="False" />
                <line number="38" hits="2" branch="True" condition-coverage="100% (2/2)">
                  <conditions>
                    <condition number="8" type="jump" coverage="100%" />
                  </conditions>
                </line>
                <line number="39" hits="1" branch="False" />
              </lines>
            </method>
            <method name="DescompressStream" signature="(DeOlho.ETL.StepValue`1&lt;System.IO.Stream&gt;)" line-rate="1" branch-rate="1">
              <lines>
                <line number="42" hits="2" branch="False" />
                <line number="43" hits="2" branch="False" />
                <line number="44" hits="2" branch="False" />
                <line number="47" hits="10" branch="True" condition-coverage="100% (2/2)">
                  <conditions>
                    <condition number="87" type="jump" coverage="100%" />
                  </conditions>
                </line>
                <line number="48" hits="2" branch="False" />
                <line number="49" hits="2" branch="False" />
                <line number="50" hits="2" branch="False" />
                <line number="51" hits="2" branch="False" />
                <line number="52" hits="2" branch="False" />
                <line number="53" hits="2" branch="False" />
                <line number="54" hits="2" branch="False" />
                <line number="56" hits="2" branch="False" />
                <line number="57" hits="2" branch="False" />
              </lines>
            </method>
          </methods>
          <lines>
            <line number="32" hits="1" branch="False" />
            <line number="33" hits="1" branch="False" />
            <line number="34" hits="1" branch="False" />
            <line number="37" hits="1" branch="False" />
            <line number="38" hits="2" branch="True" condition-coverage="100% (2/2)">
              <conditions>
                <condition number="8" type="jump" coverage="100%" />
              </conditions>
            </line>
            <line number="39" hits="1" branch="False" />
            <line number="42" hits="2" branch="False" />
            <line number="43" hits="2" branch="False" />
            <line number="44" hits="2" branch="False" />
            <line number="47" hits="10" branch="True" condition-coverage="100% (2/2)">
              <conditions>
                <condition number="87" type="jump" coverage="100%" />
              </conditions>
            </line>
            <line number="48" hits="2" branch="False" />
            <line number="49" hits="2" branch="False" />
            <line number="50" hits="2" branch="False" />
            <line number="51" hits="2" branch="False" />
            <line number="52" hits="2" branch="False" />
            <line number="53" hits="2" branch="False" />
            <line number="54" hits="2" branch="False" />
            <line number="56" hits="2" branch="False" />
            <line number="57" hits="2" branch="False" />
          </lines>
        </class>
        <class name="DeOlho.ETL.Transforms.StreamDescompressed" filename="C:\Allison\Projetos\DeOlho\DeOlho.ETL\src\ETL\Transforms\DescompressStreamTransform.cs" line-rate="1" branch-rate="1" complexity="2">
          <methods>
            <method name="get_Name" signature="()" line-rate="1" branch-rate="1">
              <lines>
                <line number="62" hits="4" branch="False" />
              </lines>
            </method>
            <method name="get_Stream" signature="()" line-rate="1" branch-rate="1">
              <lines>
                <line number="63" hits="4" branch="False" />
              </lines>
            </method>
          </methods>
          <lines>
            <line number="62" hits="4" branch="False" />
            <line number="63" hits="4" branch="False" />
          </lines>
        </class>
        <class name="DeOlho.ETL.Transforms.JsonToDynamicTransform" filename="C:\Allison\Projetos\DeOlho\DeOlho.ETL\src\ETL\Transforms\JsonToObjectTransform.cs" line-rate="1" branch-rate="1" complexity="1">
          <methods>
            <method name=".ctor" signature="(DeOlho.ETL.IStep`1&lt;System.String&gt;)" line-rate="1" branch-rate="1">
              <lines>
                <line number="15" hits="1" branch="False" />
                <line number="16" hits="1" branch="False" />
                <line number="17" hits="1" branch="False" />
              </lines>
            </method>
          </methods>
          <lines>
            <line number="15" hits="1" branch="False" />
            <line number="16" hits="1" branch="False" />
            <line number="17" hits="1" branch="False" />
          </lines>
        </class>
        <class name="DeOlho.ETL.Transforms.JsonToDynamicTransform/&lt;Execute&gt;d__1" filename="C:\Allison\Projetos\DeOlho\DeOlho.ETL\src\ETL\Transforms\JsonToObjectTransform.cs" line-rate="1" branch-rate="1" complexity="3">
          <methods>
            <method name="MoveNext" signature="()" line-rate="1" branch-rate="1">
              <lines>
                <line number="20" hits="1" branch="False" />
                <line number="21" hits="1" branch="True" condition-coverage="100% (1/1)">
                  <conditions>
                    <condition number="44" type="jump" coverage="100%" />
                  </conditions>
                </line>
                <line number="22" hits="1" branch="False" />
                <line number="23" hits="1" branch="True" condition-coverage="100% (2/2)">
                  <conditions>
                    <condition number="177" type="jump" coverage="100%" />
                  </conditions>
                </line>
                <line number="24" hits="1" branch="False" />
              </lines>
            </method>
          </methods>
          <lines>
            <line number="20" hits="1" branch="False" />
            <line number="21" hits="1" branch="True" condition-coverage="100% (1/1)">
              <conditions>
                <condition number="44" type="jump" coverage="100%" />
              </conditions>
            </line>
            <line number="22" hits="1" branch="False" />
            <line number="23" hits="1" branch="True" condition-coverage="100% (2/2)">
              <conditions>
                <condition number="177" type="jump" coverage="100%" />
              </conditions>
            </line>
            <line number="24" hits="1" branch="False" />
          </lines>
        </class>
        <class name="DeOlho.ETL.Transforms.JsonToDynamicTransformExtensions" filename="C:\Allison\Projetos\DeOlho\DeOlho.ETL\src\ETL\Transforms\JsonToObjectTransform.cs" line-rate="0,5" branch-rate="0" complexity="3">
          <methods>
            <method name="TransformJsonToDynamic" signature="(DeOlho.ETL.IStep`1&lt;System.String&gt;)" line-rate="1" branch-rate="1">
              <lines>
                <line number="30" hits="1" branch="False" />
                <line number="31" hits="1" branch="False" />
                <line number="32" hits="1" branch="False" />
              </lines>
            </method>
            <method name="TransformJsonToDynamic" signature="(System.Collections.Generic.IEnumerable`1&lt;DeOlho.ETL.StepValue`1&lt;System.String&gt;&gt;)" line-rate="0" branch-rate="0">
              <lines>
                <line number="34" hits="0" branch="False" />
                <line number="35" hits="0" branch="True" condition-coverage="0% (0/2)">
                  <conditions>
                    <condition number="8" type="jump" coverage="0%" />
                  </conditions>
                </line>
                <line number="36" hits="0" branch="False" />
              </lines>
            </method>
          </methods>
          <lines>
            <line number="30" hits="1" branch="False" />
            <line number="31" hits="1" branch="False" />
            <line number="32" hits="1" branch="False" />
            <line number="34" hits="0" branch="False" />
            <line number="35" hits="0" branch="True" condition-coverage="0% (0/2)">
              <conditions>
                <condition number="8" type="jump" coverage="0%" />
              </conditions>
            </line>
            <line number="36" hits="0" branch="False" />
          </lines>
        </class>
        <class name="DeOlho.ETL.Sources.HttpJsonSource" filename="C:\Allison\Projetos\DeOlho\DeOlho.ETL\src\ETL\Sources\HttpJsonSource.cs" line-rate="1" branch-rate="1" complexity="1">
          <methods>
            <method name=".ctor" signature="(System.Net.Http.HttpClient,System.String)" line-rate="1" branch-rate="1">
              <lines>
                <line number="12" hits="1" branch="False" />
                <line number="13" hits="1" branch="False" />
                <line number="14" hits="1" branch="False" />
                <line number="15" hits="1" branch="False" />
                <line number="16" hits="1" branch="False" />
              </lines>
            </method>
          </methods>
          <lines>
            <line number="12" hits="1" branch="False" />
            <line number="13" hits="1" branch="False" />
            <line number="14" hits="1" branch="False" />
            <line number="15" hits="1" branch="False" />
            <line number="16" hits="1" branch="False" />
          </lines>
        </class>
        <class name="DeOlho.ETL.Sources.HttpJsonSource/&lt;Execute&gt;d__3" filename="C:\Allison\Projetos\DeOlho\DeOlho.ETL\src\ETL\Sources\HttpJsonSource.cs" line-rate="1" branch-rate="1" complexity="3">
          <methods>
            <method name="MoveNext" signature="()" line-rate="1" branch-rate="1">
              <lines>
                <line number="19" hits="1" branch="True" condition-coverage="100% (1/1)">
                  <conditions>
                    <condition number="14" type="jump" coverage="100%" />
                  </conditions>
                </line>
                <line number="20" hits="1" branch="False" />
                <line number="21" hits="1" branch="False" />
                <line number="22" hits="1" branch="False" />
                <line number="24" hits="1" branch="True" condition-coverage="100% (1/1)">
                  <conditions>
                    <condition number="133" type="jump" coverage="100%" />
                  </conditions>
                </line>
                <line number="26" hits="1" branch="False" />
                <line number="27" hits="1" branch="True" condition-coverage="100% (1/1)">
                  <conditions>
                    <condition number="276" type="jump" coverage="100%" />
                  </conditions>
                </line>
                <line number="28" hits="1" branch="False" />
              </lines>
            </method>
          </methods>
          <lines>
            <line number="19" hits="1" branch="True" condition-coverage="100% (1/1)">
              <conditions>
                <condition number="14" type="jump" coverage="100%" />
              </conditions>
            </line>
            <line number="20" hits="1" branch="False" />
            <line number="21" hits="1" branch="False" />
            <line number="22" hits="1" branch="False" />
            <line number="24" hits="1" branch="True" condition-coverage="100% (1/1)">
              <conditions>
                <condition number="133" type="jump" coverage="100%" />
              </conditions>
            </line>
            <line number="26" hits="1" branch="False" />
            <line number="27" hits="1" branch="True" condition-coverage="100% (1/1)">
              <conditions>
                <condition number="276" type="jump" coverage="100%" />
              </conditions>
            </line>
            <line number="28" hits="1" branch="False" />
          </lines>
        </class>
        <class name="DeOlho.ETL.Sources.HttpStreamSource" filename="C:\Allison\Projetos\DeOlho\DeOlho.ETL\src\ETL\Sources\HttpStreamSource.cs" line-rate="1" branch-rate="1" complexity="1">
          <methods>
            <method name=".ctor" signature="(System.Net.Http.HttpClient,System.String)" line-rate="1" branch-rate="1">
              <lines>
                <line number="14" hits="1" branch="False" />
                <line number="15" hits="1" branch="False" />
                <line number="16" hits="1" branch="False" />
                <line number="17" hits="1" branch="False" />
                <line number="18" hits="1" branch="False" />
              </lines>
            </method>
          </methods>
          <lines>
            <line number="14" hits="1" branch="False" />
            <line number="15" hits="1" branch="False" />
            <line number="16" hits="1" branch="False" />
            <line number="17" hits="1" branch="False" />
            <line number="18" hits="1" branch="False" />
          </lines>
        </class>
        <class name="DeOlho.ETL.Sources.HttpStreamSource/&lt;Execute&gt;d__3" filename="C:\Allison\Projetos\DeOlho\DeOlho.ETL\src\ETL\Sources\HttpStreamSource.cs" line-rate="1" branch-rate="1" complexity="3">
          <methods>
            <method name="MoveNext" signature="()" line-rate="1" branch-rate="1">
              <lines>
                <line number="21" hits="1" branch="True" condition-coverage="100% (1/1)">
                  <conditions>
                    <condition number="14" type="jump" coverage="100%" />
                  </conditions>
                </line>
                <line number="22" hits="1" branch="False" />
                <line number="23" hits="1" branch="False" />
                <line number="24" hits="1" branch="False" />
                <line number="26" hits="1" branch="True" condition-coverage="100% (1/1)">
                  <conditions>
                    <condition number="133" type="jump" coverage="100%" />
                  </conditions>
                </line>
                <line number="28" hits="1" branch="False" />
                <line number="29" hits="1" branch="True" condition-coverage="100% (1/1)">
                  <conditions>
                    <condition number="276" type="jump" coverage="100%" />
                  </conditions>
                </line>
                <line number="30" hits="1" branch="False" />
              </lines>
            </method>
          </methods>
          <lines>
            <line number="21" hits="1" branch="True" condition-coverage="100% (1/1)">
              <conditions>
                <condition number="14" type="jump" coverage="100%" />
              </conditions>
            </line>
            <line number="22" hits="1" branch="False" />
            <line number="23" hits="1" branch="False" />
            <line number="24" hits="1" branch="False" />
            <line number="26" hits="1" branch="True" condition-coverage="100% (1/1)">
              <conditions>
                <condition number="133" type="jump" coverage="100%" />
              </conditions>
            </line>
            <line number="28" hits="1" branch="False" />
            <line number="29" hits="1" branch="True" condition-coverage="100% (1/1)">
              <conditions>
                <condition number="276" type="jump" coverage="100%" />
              </conditions>
            </line>
            <line number="30" hits="1" branch="False" />
          </lines>
        </class>
        <class name="DeOlho.ETL.Destinations.NothingDestination/&lt;Execute&gt;d__0`1" filename="C:\Allison\Projetos\DeOlho\DeOlho.ETL\src\ETL\Destinations\NothingDestination.cs" line-rate="1" branch-rate="1" complexity="2">
          <methods>
            <method name="MoveNext" signature="()" line-rate="1" branch-rate="1">
              <lines>
                <line number="9" hits="1" branch="True" condition-coverage="100% (1/1)">
                  <conditions>
                    <condition number="8" type="jump" coverage="100%" />
                  </conditions>
                </line>
                <line number="10" hits="1" branch="True" condition-coverage="100% (1/1)">
                  <conditions>
                    <condition number="39" type="jump" coverage="100%" />
                  </conditions>
                </line>
                <line number="11" hits="1" branch="False" />
              </lines>
            </method>
          </methods>
          <lines>
            <line number="9" hits="1" branch="True" condition-coverage="100% (1/1)">
              <conditions>
                <condition number="8" type="jump" coverage="100%" />
              </conditions>
            </line>
            <line number="10" hits="1" branch="True" condition-coverage="100% (1/1)">
              <conditions>
                <condition number="39" type="jump" coverage="100%" />
              </conditions>
            </line>
            <line number="11" hits="1" branch="False" />
          </lines>
        </class>
        <class name="DeOlho.ETL.Destinations.NothingDestination/&lt;Execute&gt;d__1`1" filename="C:\Allison\Projetos\DeOlho\DeOlho.ETL\src\ETL\Destinations\NothingDestination.cs" line-rate="1" branch-rate="1" complexity="2">
          <methods>
            <method name="MoveNext" signature="()" line-rate="1" branch-rate="1">
              <lines>
                <line number="14" hits="1" branch="True" condition-coverage="100% (1/1)">
                  <conditions>
                    <condition number="8" type="jump" coverage="100%" />
                  </conditions>
                </line>
                <line number="15" hits="1" branch="True" condition-coverage="100% (1/1)">
                  <conditions>
                    <condition number="39" type="jump" coverage="100%" />
                  </conditions>
                </line>
                <line number="16" hits="1" branch="False" />
              </lines>
            </method>
          </methods>
          <lines>
            <line number="14" hits="1" branch="True" condition-coverage="100% (1/1)">
              <conditions>
                <condition number="8" type="jump" coverage="100%" />
              </conditions>
            </line>
            <line number="15" hits="1" branch="True" condition-coverage="100% (1/1)">
              <conditions>
                <condition number="39" type="jump" coverage="100%" />
              </conditions>
            </line>
            <line number="16" hits="1" branch="False" />
          </lines>
        </class>
      </classes>
    </package>
    <package name="DeOlho.ETL.UnitTests" line-rate="0,997" branch-rate="1" complexity="150">
      <classes>
        <class name="AutoGeneratedProgram" filename="C:\Allison\Projetos\DeOlho\DeOlho.ETL\src\UnitTests\obj\Debug\netcoreapp2.1\DeOlho.ETL.UnitTests.Program.cs" line-rate="0" branch-rate="1" complexity="1">
          <methods>
            <method name="Main" signature="(System.String[])" line-rate="0" branch-rate="1">
              <lines>
                <line number="4" hits="0" branch="False" />
              </lines>
            </method>
          </methods>
          <lines>
            <line number="4" hits="0" branch="False" />
          </lines>
        </class>
        <class name="DeOlho.ETL.UnitTests.SourcesTest/&lt;HttpJsonSource_Execute_StatusCode_OK&gt;d__0" filename="C:\Allison\Projetos\DeOlho\DeOlho.ETL\src\UnitTests\SourcesTest.cs" line-rate="1" branch-rate="1" complexity="1">
          <methods>
            <method name="MoveNext" signature="()" line-rate="1" branch-rate="1">
              <lines>
                <line number="21" hits="1" branch="False" />
                <line number="22" hits="1" branch="False" />
                <line number="23" hits="1" branch="False" />
                <line number="24" hits="1" branch="False" />
                <line number="25" hits="1" branch="False" />
                <line number="26" hits="1" branch="False" />
                <line number="27" hits="1" branch="False" />
                <line number="28" hits="1" branch="False" />
                <line number="29" hits="1" branch="False" />
                <line number="30" hits="1" branch="False" />
                <line number="31" hits="1" branch="False" />
                <line number="32" hits="1" branch="False" />
                <line number="33" hits="1" branch="False" />
                <line number="34" hits="1" branch="False" />
                <line number="35" hits="1" branch="False" />
                <line number="36" hits="1" branch="False" />
                <line number="38" hits="1" branch="False" />
                <line number="40" hits="1" branch="False" />
                <line number="41" hits="1" branch="False" />
                <line number="42" hits="1" branch="True" condition-coverage="100% (1/1)">
                  <conditions>
                    <condition number="230" type="jump" coverage="100%" />
                  </conditions>
                </line>
                <line number="44" hits="1" branch="False" />
                <line number="46" hits="1" branch="False" />
                <line number="47" hits="1" branch="False" />
                <line number="48" hits="1" branch="False" />
                <line number="49" hits="1" branch="False" />
                <line number="50" hits="1" branch="False" />
                <line number="51" hits="1" branch="False" />
                <line number="52" hits="1" branch="False" />
                <line number="53" hits="1" branch="False" />
                <line number="54" hits="1" branch="False" />
                <line number="55" hits="1" branch="False" />
              </lines>
            </method>
          </methods>
          <lines>
            <line number="21" hits="1" branch="False" />
            <line number="22" hits="1" branch="False" />
            <line number="23" hits="1" branch="False" />
            <line number="24" hits="1" branch="False" />
            <line number="25" hits="1" branch="False" />
            <line number="26" hits="1" branch="False" />
            <line number="27" hits="1" branch="False" />
            <line number="28" hits="1" branch="False" />
            <line number="29" hits="1" branch="False" />
            <line number="30" hits="1" branch="False" />
            <line number="31" hits="1" branch="False" />
            <line number="32" hits="1" branch="False" />
            <line number="33" hits="1" branch="False" />
            <line number="34" hits="1" branch="False" />
            <line number="35" hits="1" branch="False" />
            <line number="36" hits="1" branch="False" />
            <line number="38" hits="1" branch="False" />
            <line number="40" hits="1" branch="False" />
            <line number="41" hits="1" branch="False" />
            <line number="42" hits="1" branch="True" condition-coverage="100% (1/1)">
              <conditions>
                <condition number="230" type="jump" coverage="100%" />
              </conditions>
            </line>
            <line number="44" hits="1" branch="False" />
            <line number="46" hits="1" branch="False" />
            <line number="47" hits="1" branch="False" />
            <line number="48" hits="1" branch="False" />
            <line number="49" hits="1" branch="False" />
            <line number="50" hits="1" branch="False" />
            <line number="51" hits="1" branch="False" />
            <line number="52" hits="1" branch="False" />
            <line number="53" hits="1" branch="False" />
            <line number="54" hits="1" branch="False" />
            <line number="55" hits="1" branch="False" />
          </lines>
        </class>
        <class name="DeOlho.ETL.UnitTests.SourcesTest/&lt;HttpStreamSource_Execute_StatusCode_OK&gt;d__1" filename="C:\Allison\Projetos\DeOlho\DeOlho.ETL\src\UnitTests\SourcesTest.cs" line-rate="1" branch-rate="1" complexity="2">
          <methods>
            <method name="MoveNext" signature="()" line-rate="1" branch-rate="1">
              <lines>
                <line number="59" hits="1" branch="False" />
                <line number="60" hits="1" branch="False" />
                <line number="61" hits="1" branch="True" condition-coverage="100% (1/1)">
                  <conditions>
                    <condition number="55" type="jump" coverage="100%" />
                  </conditions>
                </line>
                <line number="62" hits="1" branch="False" />
                <line number="63" hits="1" branch="False" />
                <line number="64" hits="1" branch="False" />
                <line number="65" hits="1" branch="False" />
                <line number="66" hits="1" branch="False" />
                <line number="67" hits="1" branch="False" />
                <line number="68" hits="1" branch="False" />
                <line number="69" hits="1" branch="False" />
                <line number="70" hits="1" branch="False" />
                <line number="71" hits="1" branch="False" />
                <line number="72" hits="1" branch="False" />
                <line number="73" hits="1" branch="False" />
                <line number="74" hits="1" branch="False" />
                <line number="75" hits="1" branch="False" />
                <line number="76" hits="1" branch="False" />
                <line number="77" hits="1" branch="False" />
                <line number="79" hits="1" branch="False" />
                <line number="81" hits="1" branch="False" />
                <line number="82" hits="1" branch="False" />
                <line number="83" hits="1" branch="True" condition-coverage="100% (1/1)">
                  <conditions>
                    <condition number="281" type="jump" coverage="100%" />
                  </conditions>
                </line>
                <line number="85" hits="1" branch="False" />
                <line number="86" hits="1" branch="False" />
                <line number="87" hits="1" branch="False" />
                <line number="89" hits="1" branch="False" />
                <line number="90" hits="1" branch="False" />
                <line number="91" hits="1" branch="False" />
                <line number="92" hits="1" branch="False" />
                <line number="93" hits="1" branch="False" />
                <line number="94" hits="1" branch="False" />
                <line number="95" hits="1" branch="False" />
                <line number="96" hits="1" branch="False" />
                <line number="97" hits="1" branch="False" />
                <line number="98" hits="1" branch="False" />
                <line number="99" hits="1" branch="False" />
              </lines>
            </method>
          </methods>
          <lines>
            <line number="59" hits="1" branch="False" />
            <line number="60" hits="1" branch="False" />
            <line number="61" hits="1" branch="True" condition-coverage="100% (1/1)">
              <conditions>
                <condition number="55" type="jump" coverage="100%" />
              </conditions>
            </line>
            <line number="62" hits="1" branch="False" />
            <line number="63" hits="1" branch="False" />
            <line number="64" hits="1" branch="False" />
            <line number="65" hits="1" branch="False" />
            <line number="66" hits="1" branch="False" />
            <line number="67" hits="1" branch="False" />
            <line number="68" hits="1" branch="False" />
            <line number="69" hits="1" branch="False" />
            <line number="70" hits="1" branch="False" />
            <line number="71" hits="1" branch="False" />
            <line number="72" hits="1" branch="False" />
            <line number="73" hits="1" branch="False" />
            <line number="74" hits="1" branch="False" />
            <line number="75" hits="1" branch="False" />
            <line number="76" hits="1" branch="False" />
            <line number="77" hits="1" branch="False" />
            <line number="79" hits="1" branch="False" />
            <line number="81" hits="1" branch="False" />
            <line number="82" hits="1" branch="False" />
            <line number="83" hits="1" branch="True" condition-coverage="100% (1/1)">
              <conditions>
                <condition number="281" type="jump" coverage="100%" />
              </conditions>
            </line>
            <line number="85" hits="1" branch="False" />
            <line number="86" hits="1" branch="False" />
            <line number="87" hits="1" branch="False" />
            <line number="89" hits="1" branch="False" />
            <line number="90" hits="1" branch="False" />
            <line number="91" hits="1" branch="False" />
            <line number="92" hits="1" branch="False" />
            <line number="93" hits="1" branch="False" />
            <line number="94" hits="1" branch="False" />
            <line number="95" hits="1" branch="False" />
            <line number="96" hits="1" branch="False" />
            <line number="97" hits="1" branch="False" />
            <line number="98" hits="1" branch="False" />
            <line number="99" hits="1" branch="False" />
          </lines>
        </class>
        <class name="DeOlho.ETL.UnitTests.StepsTest/Teste1" filename="C:\Allison\Projetos\DeOlho\DeOlho.ETL\src\UnitTests\StepsTest.cs" line-rate="1" branch-rate="1" complexity="3">
          <methods>
            <method name="get_Id" signature="()" line-rate="1" branch-rate="1">
              <lines>
                <line number="15" hits="3" branch="False" />
              </lines>
            </method>
            <method name="get_Value" signature="()" line-rate="1" branch-rate="1">
              <lines>
                <line number="16" hits="3" branch="False" />
              </lines>
            </method>
            <method name="get_Date" signature="()" line-rate="1" branch-rate="1">
              <lines>
                <line number="17" hits="3" branch="False" />
              </lines>
            </method>
          </methods>
          <lines>
            <line number="15" hits="3" branch="False" />
            <line number="16" hits="3" branch="False" />
            <line number="17" hits="3" branch="False" />
          </lines>
        </class>
        <class name="DeOlho.ETL.UnitTests.StepsTest/Teste2" filename="C:\Allison\Projetos\DeOlho\DeOlho.ETL\src\UnitTests\StepsTest.cs" line-rate="1" branch-rate="1" complexity="1">
          <methods>
            <method name="get_Concat" signature="()" line-rate="1" branch-rate="1">
              <lines>
                <line number="22" hits="2" branch="False" />
              </lines>
            </method>
          </methods>
          <lines>
            <line number="22" hits="2" branch="False" />
          </lines>
        </class>
        <class name="DeOlho.ETL.UnitTests.StepsTest/&lt;&gt;c" filename="C:\Allison\Projetos\DeOlho\DeOlho.ETL\src\UnitTests\StepsTest.cs" line-rate="1" branch-rate="1" complexity="11">
          <methods>
            <method name="&lt;Step_Transform&gt;b__2_1" signature="(DeOlho.ETL.StepValue`1&lt;System.String&gt;)" line-rate="1" branch-rate="1">
              <lines>
                <line number="34" hits="2" branch="False" />
              </lines>
            </method>
            <method name="&lt;Step_Collection_Transform&gt;b__3_0" signature="(DeOlho.ETL.StepValue`1&lt;System.String&gt;)" line-rate="1" branch-rate="1">
              <lines>
                <line number="48" hits="3" branch="False" />
              </lines>
            </method>
            <method name="&lt;Step_TransformToList&gt;b__5_1" signature="(DeOlho.ETL.StepValue`1&lt;System.Object&gt;)" line-rate="1" branch-rate="1">
              <lines>
                <line number="92" hits="2" branch="True" condition-coverage="100% (4/4)">
                  <conditions>
                    <condition number="5" type="jump" coverage="100%" />
                    <condition number="92" type="jump" coverage="100%" />
                  </conditions>
                </line>
              </lines>
            </method>
            <method name="&lt;Step_Collection_TransformToList&gt;b__6_0" signature="(DeOlho.ETL.StepValue`1&lt;System.Object&gt;)" line-rate="1" branch-rate="1">
              <lines>
                <line number="128" hits="3" branch="True" condition-coverage="100% (4/4)">
                  <conditions>
                    <condition number="5" type="jump" coverage="100%" />
                    <condition number="92" type="jump" coverage="100%" />
                  </conditions>
                </line>
              </lines>
            </method>
            <method name="&lt;StepTransform_Execute&gt;b__8_2" signature="(DeOlho.ETL.StepValue`1&lt;DeOlho.ETL.UnitTests.StepsTest/Teste1&gt;)" line-rate="1" branch-rate="1">
              <lines>
                <line number="176" hits="3" branch="False" />
              </lines>
            </method>
          </methods>
          <lines>
            <line number="34" hits="2" branch="False" />
            <line number="48" hits="3" branch="False" />
            <line number="92" hits="2" branch="True" condition-coverage="100% (4/4)">
              <conditions>
                <condition number="5" type="jump" coverage="100%" />
                <condition number="92" type="jump" coverage="100%" />
              </conditions>
            </line>
            <line number="128" hits="3" branch="True" condition-coverage="100% (4/4)">
              <conditions>
                <condition number="5" type="jump" coverage="100%" />
                <condition number="92" type="jump" coverage="100%" />
              </conditions>
            </line>
            <line number="176" hits="3" branch="False" />
          </lines>
        </class>
        <class name="DeOlho.ETL.UnitTests.StepsTest/&lt;&gt;c/&lt;&lt;Step_TransformAsync&gt;b__4_1&gt;d" filename="C:\Allison\Projetos\DeOlho\DeOlho.ETL\src\UnitTests\StepsTest.cs" line-rate="1" branch-rate="1" complexity="3">
          <methods>
            <method name="MoveNext" signature="()" line-rate="1" branch-rate="1">
              <lines>
                <line number="68" hits="5" branch="True" condition-coverage="100% (3/3)">
                  <conditions>
                    <condition number="8" type="jump" coverage="100%" />
                    <condition number="33" type="jump" coverage="100%" />
                  </conditions>
                </line>
              </lines>
            </method>
          </methods>
          <lines>
            <line number="68" hits="5" branch="True" condition-coverage="100% (3/3)">
              <conditions>
                <condition number="8" type="jump" coverage="100%" />
                <condition number="33" type="jump" coverage="100%" />
              </conditions>
            </line>
          </lines>
        </class>
        <class name="DeOlho.ETL.UnitTests.StepsTest/&lt;Step_Transform&gt;d__2" filename="C:\Allison\Projetos\DeOlho\DeOlho.ETL\src\UnitTests\StepsTest.cs" line-rate="1" branch-rate="1" complexity="4">
          <methods>
            <method name="MoveNext" signature="()" line-rate="1" branch-rate="1">
              <lines>
                <line number="27" hits="1" branch="False" />
                <line number="28" hits="1" branch="False" />
                <line number="30" hits="1" branch="False" />
                <line number="31" hits="1" branch="False" />
                <line number="32" hits="1" branch="False" />
                <line number="36" hits="1" branch="False" />
                <line number="37" hits="1" branch="False" />
                <line number="38" hits="1" branch="False" />
              </lines>
            </method>
          </methods>
          <lines>
            <line number="27" hits="1" branch="False" />
            <line number="28" hits="1" branch="False" />
            <line number="30" hits="1" branch="False" />
            <line number="31" hits="1" branch="False" />
            <line number="32" hits="1" branch="False" />
            <line number="36" hits="1" branch="False" />
            <line number="37" hits="1" branch="False" />
            <line number="38" hits="1" branch="False" />
          </lines>
        </class>
        <class name="DeOlho.ETL.UnitTests.StepsTest/&lt;Step_Collection_Transform&gt;d__3" filename="C:\Allison\Projetos\DeOlho\DeOlho.ETL\src\UnitTests\StepsTest.cs" line-rate="1" branch-rate="1" complexity="3">
          <methods>
            <method name="MoveNext" signature="()" line-rate="1" branch-rate="1">
              <lines>
                <line number="42" hits="1" branch="False" />
                <line number="43" hits="1" branch="False" />
                <line number="44" hits="1" branch="False" />
                <line number="46" hits="1" branch="False" />
                <line number="50" hits="1" branch="False" />
                <line number="51" hits="1" branch="False" />
                <line number="52" hits="1" branch="False" />
                <line number="53" hits="1" branch="False" />
                <line number="54" hits="1" branch="False" />
                <line number="55" hits="1" branch="False" />
                <line number="56" hits="1" branch="False" />
                <line number="57" hits="1" branch="False" />
              </lines>
            </method>
          </methods>
          <lines>
            <line number="42" hits="1" branch="False" />
            <line number="43" hits="1" branch="False" />
            <line number="44" hits="1" branch="False" />
            <line number="46" hits="1" branch="False" />
            <line number="50" hits="1" branch="False" />
            <line number="51" hits="1" branch="False" />
            <line number="52" hits="1" branch="False" />
            <line number="53" hits="1" branch="False" />
            <line number="54" hits="1" branch="False" />
            <line number="55" hits="1" branch="False" />
            <line number="56" hits="1" branch="False" />
            <line number="57" hits="1" branch="False" />
          </lines>
        </class>
        <class name="DeOlho.ETL.UnitTests.StepsTest/&lt;Step_TransformAsync&gt;d__4" filename="C:\Allison\Projetos\DeOlho\DeOlho.ETL\src\UnitTests\StepsTest.cs" line-rate="1" branch-rate="1" complexity="1">
          <methods>
            <method name="MoveNext" signature="()" line-rate="1" branch-rate="1">
              <lines>
                <line number="61" hits="1" branch="False" />
                <line number="62" hits="1" branch="False" />
                <line number="64" hits="1" branch="False" />
                <line number="65" hits="1" branch="False" />
                <line number="66" hits="1" branch="False" />
                <line number="70" hits="1" branch="False" />
                <line number="71" hits="1" branch="False" />
                <line number="72" hits="1" branch="False" />
              </lines>
            </method>
          </methods>
          <lines>
            <line number="61" hits="1" branch="False" />
            <line number="62" hits="1" branch="False" />
[...]
            <line number="93" hits="1" branch="False" />
            <line number="95" hits="1" branch="False" />
            <line number="96" hits="1" branch="False" />
            <line number="97" hits="1" branch="False" />
            <line number="98" hits="1" branch="False" />
            <line number="100" hits="1" branch="True" condition-coverage="100% (1/1)">
              <conditions>
                <condition number="265" type="jump" coverage="100%" />
              </conditions>
            </line>
            <line number="102" hits="1" branch="False" />
            <line number="103" hits="1" branch="False" />
            <line number="104" hits="1" branch="False" />
            <line number="105" hits="1" branch="False" />
            <line number="106" hits="1" branch="True" condition-coverage="100% (4/4)">
              <conditions>
                <condition number="457" type="jump" coverage="100%" />
                <condition number="518" type="jump" coverage="100%" />
              </conditions>
            </line>
            <line number="107" hits="1" branch="True" condition-coverage="100% (4/4)">
              <conditions>
                <condition number="631" type="jump" coverage="100%" />
                <condition number="692" type="jump" coverage="100%" />
              </conditions>
            </line>
            <line number="108" hits="1" branch="True" condition-coverage="100% (4/4)">
              <conditions>
                <condition number="805" type="jump" coverage="100%" />
                <condition number="866" type="jump" coverage="100%" />
              </conditions>
            </line>
            <line number="109" hits="1" branch="True" condition-coverage="100% (4/4)">
              <conditions>
                <condition number="979" type="jump" coverage="100%" />
                <condition number="1040" type="jump" coverage="100%" />
              </conditions>
            </line>
            <line number="110" hits="1" branch="False" />
            <line number="111" hits="1" branch="False" />
            <line number="112" hits="1" branch="False" />
          </lines>
        </class>
        <class name="DeOlho.ETL.UnitTests.TransformsTest/&lt;CsvToDynamic_Collection_Execute&gt;d__3" filename="C:\Allison\Projetos\DeOlho\DeOlho.ETL\src\UnitTests\TransformsTest.cs" line-rate="1" branch-rate="1" complexity="20">
          <methods>
            <method name="MoveNext" signature="()" line-rate="1" branch-rate="1">
              <lines>
                <line number="117" hits="1" branch="False" />
                <line number="118" hits="1" branch="False" />
                <line number="119" hits="1" branch="True" condition-coverage="100% (2/2)">
                  <conditions>
                    <condition number="39" type="jump" coverage="100%" />
                  </conditions>
                </line>
                <line number="120" hits="1" branch="False" />
                <line number="121" hits="1" branch="True" condition-coverage="100% (1/1)">
                  <conditions>
                    <condition number="65" type="jump" coverage="100%" />
                  </conditions>
                </line>
                <line number="122" hits="1" branch="False" />
                <line number="123" hits="1" branch="False" />
                <line number="124" hits="1" branch="False" />
                <line number="125" hits="1" branch="False" />
                <line number="126" hits="1" branch="False" />
                <line number="128" hits="1" branch="True" condition-coverage="100% (1/1)">
                  <conditions>
                    <condition number="183" type="jump" coverage="100%" />
                  </conditions>
                </line>
                <line number="130" hits="1" branch="False" />
                <line number="131" hits="1" branch="False" />
                <line number="132" hits="1" branch="False" />
                <line number="133" hits="1" branch="False" />
                <line number="134" hits="1" branch="False" />
                <line number="135" hits="1" branch="True" condition-coverage="100% (4/4)">
                  <conditions>
                    <condition number="414" type="jump" coverage="100%" />
                    <condition number="475" type="jump" coverage="100%" />
                  </conditions>
                </line>
                <line number="136" hits="1" branch="True" condition-coverage="100% (4/4)">
                  <conditions>
                    <condition number="588" type="jump" coverage="100%" />
                    <condition number="649" type="jump" coverage="100%" />
                  </conditions>
                </line>
                <line number="137" hits="1" branch="True" condition-coverage="100% (4/4)">
                  <conditions>
                    <condition number="762" type="jump" coverage="100%" />
                    <condition number="823" type="jump" coverage="100%" />
                  </conditions>
                </line>
                <line number="138" hits="1" branch="True" condition-coverage="100% (4/4)">
                  <conditions>
                    <condition number="936" type="jump" coverage="100%" />
                    <condition number="997" type="jump" coverage="100%" />
                  </conditions>
                </line>
                <line number="139" hits="1" branch="False" />
                <line number="140" hits="1" branch="False" />
                <line number="141" hits="1" branch="False" />
              </lines>
            </method>
          </methods>
          <lines>
            <line number="117" hits="1" branch="False" />
            <line number="118" hits="1" branch="False" />
            <line number="119" hits="1" branch="True" condition-coverage="100% (2/2)">
              <conditions>
                <condition number="39" type="jump" coverage="100%" />
              </conditions>
            </line>
            <line number="120" hits="1" branch="False" />
            <line number="121" hits="1" branch="True" condition-coverage="100% (1/1)">
              <conditions>
                <condition number="65" type="jump" coverage="100%" />
              </conditions>
            </line>
            <line number="122" hits="1" branch="False" />
            <line number="123" hits="1" branch="False" />
            <line number="124" hits="1" branch="False" />
            <line number="125" hits="1" branch="False" />
            <line number="126" hits="1" branch="False" />
            <line number="128" hits="1" branch="True" condition-coverage="100% (1/1)">
              <conditions>
                <condition number="183" type="jump" coverage="100%" />
              </conditions>
            </line>
            <line number="130" hits="1" branch="False" />
            <line number="131" hits="1" branch="False" />
            <line number="132" hits="1" branch="False" />
            <line number="133" hits="1" branch="False" />
            <line number="134" hits="1" branch="False" />
            <line number="135" hits="1" branch="True" condition-coverage="100% (4/4)">
              <conditions>
                <condition number="414" type="jump" coverage="100%" />
                <condition number="475" type="jump" coverage="100%" />
              </conditions>
            </line>
            <line number="136" hits="1" branch="True" condition-coverage="100% (4/4)">
              <conditions>
                <condition number="588" type="jump" coverage="100%" />
                <condition number="649" type="jump" coverage="100%" />
              </conditions>
            </line>
            <line number="137" hits="1" branch="True" condition-coverage="100% (4/4)">
              <conditions>
                <condition number="762" type="jump" coverage="100%" />
                <condition number="823" type="jump" coverage="100%" />
              </conditions>
            </line>
            <line number="138" hits="1" branch="True" condition-coverage="100% (4/4)">
              <conditions>
                <condition number="936" type="jump" coverage="100%" />
                <condition number="997" type="jump" coverage="100%" />
              </conditions>
            </line>
            <line number="139" hits="1" branch="False" />
            <line number="140" hits="1" branch="False" />
            <line number="141" hits="1" branch="False" />
          </lines>
        </class>
        <class name="DeOlho.ETL.UnitTests.TransformsTest/&lt;JsonToDynamic_Execute&gt;d__4" filename="C:\Allison\Projetos\DeOlho\DeOlho.ETL\src\UnitTests\TransformsTest.cs" line-rate="1" branch-rate="1" complexity="37">
          <methods>
            <method name="MoveNext" signature="()" line-rate="1" branch-rate="1">
              <lines>
                <line number="145" hits="1" branch="False" />
                <line number="146" hits="1" branch="False" />
                <line number="147" hits="1" branch="False" />
                <line number="148" hits="1" branch="False" />
                <line number="149" hits="1" branch="False" />
                <line number="150" hits="1" branch="False" />
                <line number="151" hits="1" branch="True" condition-coverage="100% (1/1)">
                  <conditions>
                    <condition number="170" type="jump" coverage="100%" />
                  </conditions>
                </line>
                <line number="152" hits="1" branch="True" condition-coverage="100% (4/4)">
                  <conditions>
                    <condition number="281" type="jump" coverage="100%" />
                    <condition number="342" type="jump" coverage="100%" />
                  </conditions>
                </line>
                <line number="153" hits="1" branch="True" condition-coverage="100% (4/4)">
                  <conditions>
                    <condition number="451" type="jump" coverage="100%" />
                    <condition number="512" type="jump" coverage="100%" />
                  </conditions>
                </line>
                <line number="154" hits="1" branch="True" condition-coverage="100% (4/4)">
                  <conditions>
                    <condition number="625" type="jump" coverage="100%" />
                    <condition number="686" type="jump" coverage="100%" />
                  </conditions>
                </line>
                <line number="155" hits="1" branch="True" condition-coverage="100% (4/4)">
                  <conditions>
                    <condition number="808" type="jump" coverage="100%" />
                    <condition number="869" type="jump" coverage="100%" />
                  </conditions>
                </line>
                <line number="156" hits="1" branch="True" condition-coverage="100% (4/4)">
                  <conditions>
                    <condition number="987" type="jump" coverage="100%" />
                    <condition number="1048" type="jump" coverage="100%" />
                  </conditions>
                </line>
                <line number="157" hits="1" branch="True" condition-coverage="100% (4/4)">
                  <conditions>
                    <condition number="1166" type="jump" coverage="100%" />
                    <condition number="1227" type="jump" coverage="100%" />
                  </conditions>
                </line>
                <line number="158" hits="1" branch="True" condition-coverage="100% (4/4)">
                  <conditions>
                    <condition number="1346" type="jump" coverage="100%" />
                    <condition number="1407" type="jump" coverage="100%" />
                  </conditions>
                </line>
                <line number="159" hits="1" branch="True" condition-coverage="100% (4/4)">
                  <conditions>
                    <condition number="1526" type="jump" coverage="100%" />
                    <condition number="1587" type="jump" coverage="100%" />
                  </conditions>
                </line>
                <line number="160" hits="1" branch="True" condition-coverage="100% (4/4)">
                  <conditions>
                    <condition number="1705" type="jump" coverage="100%" />
                    <condition number="1766" type="jump" coverage="100%" />
                  </conditions>
                </line>
                <line number="161" hits="1" branch="False" />
              </lines>
            </method>
          </methods>
          <lines>
            <line number="145" hits="1" branch="False" />
            <line number="146" hits="1" branch="False" />
            <line number="147" hits="1" branch="False" />
            <line number="148" hits="1" branch="False" />
            <line number="149" hits="1" branch="False" />
            <line number="150" hits="1" branch="False" />
            <line number="151" hits="1" branch="True" condition-coverage="100% (1/1)">
              <conditions>
                <condition number="170" type="jump" coverage="100%" />
              </conditions>
            </line>
            <line number="152" hits="1" branch="True" condition-coverage="100% (4/4)">
              <conditions>
                <condition number="281" type="jump" coverage="100%" />
                <condition number="342" type="jump" coverage="100%" />
              </conditions>
            </line>
            <line number="153" hits="1" branch="True" condition-coverage="100% (4/4)">
              <conditions>
                <condition number="451" type="jump" coverage="100%" />
                <condition number="512" type="jump" coverage="100%" />
              </conditions>
            </line>
            <line number="154" hits="1" branch="True" condition-coverage="100% (4/4)">
              <conditions>
                <condition number="625" type="jump" coverage="100%" />
                <condition number="686" type="jump" coverage="100%" />
              </conditions>
            </line>
            <line number="155" hits="1" branch="True" condition-coverage="100% (4/4)">
              <conditions>
                <condition number="808" type="jump" coverage="100%" />
                <condition number="869" type="jump" coverage="100%" />
              </conditions>
            </line>
            <line number="156" hits="1" branch="True" condition-coverage="100% (4/4)">
              <conditions>
                <condition number="987" type="jump" coverage="100%" />
                <condition number="1048" type="jump" coverage="100%" />
              </conditions>
            </line>
            <line number="157" hits="1" branch="True" condition-coverage="100% (4/4)">
              <conditions>
                <condition number="1166" type="jump" coverage="100%" />
                <condition number="1227" type="jump" coverage="100%" />
              </conditions>
            </line>
            <line number="158" hits="1" branch="True" condition-coverage="100% (4/4)">
              <conditions>
                <condition number="1346" type="jump" coverage="100%" />
                <condition number="1407" type="jump" coverage="100%" />
              </conditions>
            </line>
            <line number="159" hits="1" branch="True" condition-coverage="100% (4/4)">
              <conditions>
                <condition number="1526" type="jump" coverage="100%" />
                <condition number="1587" type="jump" coverage="100%" />
              </conditions>
            </line>
            <line number="160" hits="1" branch="True" condition-coverage="100% (4/4)">
              <conditions>
                <condition number="1705" type="jump" coverage="100%" />
                <condition number="1766" type="jump" coverage="100%" />
              </conditions>
            </line>
            <line number="161" hits="1" branch="False" />
          </lines>
        </class>
        <class name="UnitTests.DestinationsTest/&lt;&gt;c" filename="C:\Allison\Projetos\DeOlho\DeOlho.ETL\src\UnitTests\DestinationsTest.cs" line-rate="1" branch-rate="1" complexity="2">
          <methods>
            <method name="&lt;NothingDestination_Execute_IStep&gt;b__0_1" signature="()" line-rate="1" branch-rate="1">
              <lines>
                <line number="22" hits="2" branch="False" />
              </lines>
            </method>
            <method name="&lt;NothingDestination_Collection_Execute_IStep&gt;b__1_0" signature="()" line-rate="1" branch-rate="1">
              <lines>
                <line number="35" hits="2" branch="False" />
              </lines>
            </method>
          </methods>
          <lines>
            <line number="22" hits="2" branch="False" />
            <line number="35" hits="2" branch="False" />
          </lines>
        </class>
        <class name="UnitTests.DestinationsTest/&lt;NothingDestination_Execute_IStep&gt;d__0" filename="C:\Allison\Projetos\DeOlho\DeOlho.ETL\src\UnitTests\DestinationsTest.cs" line-rate="1" branch-rate="1" complexity="3">
          <methods>
            <method name="MoveNext" signature="()" line-rate="1" branch-rate="1">
              <lines>
                <line number="16" hits="1" branch="False" />
                <line number="17" hits="1" branch="False" />
                <line number="18" hits="1" branch="False" />
                <line number="19" hits="1" branch="False" />
                <line number="20" hits="1" branch="False" />
                <line number="23" hits="1" branch="False" />
                <line number="24" hits="1" branch="False" />
              </lines>
            </method>
          </methods>
          <lines>
            <line number="16" hits="1" branch="False" />
            <line number="17" hits="1" branch="False" />
            <line number="18" hits="1" branch="False" />
            <line number="19" hits="1" branch="False" />
            <line number="20" hits="1" branch="False" />
            <line number="23" hits="1" branch="False" />
            <line number="24" hits="1" branch="False" />
          </lines>
        </class>
        <class name="UnitTests.DestinationsTest/&lt;NothingDestination_Collection_Execute_IStep&gt;d__1" filename="C:\Allison\Projetos\DeOlho\DeOlho.ETL\src\UnitTests\DestinationsTest.cs" line-rate="1" branch-rate="1" complexity="3">
          <methods>
            <method name="MoveNext" signature="()" line-rate="1" branch-rate="1">
              <lines>
                <line number="28" hits="1" branch="False" />
                <line number="29" hits="1" branch="False" />
                <line number="30" hits="1" branch="False" />
                <line number="31" hits="1" branch="False" />
                <line number="32" hits="1" branch="False" />
                <line number="33" hits="1" branch="False" />
                <line number="36" hits="1" branch="False" />
                <line number="37" hits="1" branch="False" />
                <line number="38" hits="1" branch="False" />
                <line number="39" hits="1" branch="False" />
              </lines>
            </method>
          </methods>
          <lines>
            <line number="28" hits="1" branch="False" />
            <line number="29" hits="1" branch="False" />
            <line number="30" hits="1" branch="False" />
            <line number="31" hits="1" branch="False" />
            <line number="32" hits="1" branch="False" />
            <line number="33" hits="1" branch="False" />
            <line number="36" hits="1" branch="False" />
            <line number="37" hits="1" branch="False" />
            <line number="38" hits="1" branch="False" />
            <line number="39" hits="1" branch="False" />
          </lines>
        </class>
      </classes>
    </package>
  </packages>
</coverage>